<?xml version="1.0" encoding="UTF-8"?>
<!-- Generated by org.testng.reporters.JUnitXMLReporter -->
<testsuite ignored="6" hostname="DESKTOP-6B0KB3N" failures="0" tests="1" name="Default test" time="43.691" errors="0" timestamp="2024-02-22T20:13:20 IST">
  <testcase classname="new2.test" name="infolinksOnsettingpage" time="43.564"/>
  <testcase classname="new2.test" name="Tengacha" time="0.0">
    <ignored/>
  </testcase> <!-- Tengacha -->
  <testcase classname="new2.test" name="changePasswordAndsetAsITis" time="0.0">
    <ignored/>
  </testcase> <!-- changePasswordAndsetAsITis -->
  <testcase classname="new2.test" name="Homepagelinks" time="0.0">
    <ignored/>
  </testcase> <!-- Homepagelinks -->
  <testcase classname="new2.test" name="logout" time="0.0">
    <ignored/>
  </testcase> <!-- logout -->
  <testcase classname="new2.test" name="Onegacha" time="0.0">
    <ignored/>
  </testcase> <!-- Onegacha -->
  <testcase classname="new2.test" name="logintest" time="0.0">
    <ignored/>
  </testcase> <!-- logintest -->
</testsuite> <!-- Default test -->
