<?xml version="1.0" encoding="UTF-8"?>
<testng-results ignored="0" total="1" passed="1" failed="0" skipped="0">
  <reporter-output>
  </reporter-output>
  <suite started-at="2024-02-22T20:12:37 IST" name="Default suite" finished-at="2024-02-22T20:13:20 IST" duration-ms="43691">
    <groups>
    </groups>
    <test started-at="2024-02-22T20:12:37 IST" name="Default test" finished-at="2024-02-22T20:13:20 IST" duration-ms="43691">
      <class name="new2.test">
        <test-method signature="infolinksOnsettingpage()[pri:6, instance:new2.test@28261e8e]" started-at="2024-02-22T20:12:37 IST" name="infolinksOnsettingpage" finished-at="2024-02-22T20:13:20 IST" duration-ms="43564" status="PASS">
          <reporter-output>
          </reporter-output>
        </test-method> <!-- infolinksOnsettingpage -->
      </class> <!-- new2.test -->
    </test> <!-- Default test -->
  </suite> <!-- Default suite -->
</testng-results>
